2016-12-22 17:32:02:  start to sync now
2016-12-22 17:32:02: C:/Users/thesu/Documents/GitHub/the3un.github.io/_posts/sync_hook.script updated
2016-12-22 17:32:02: C:/Users/thesu/Documents/GitHub/the3un.github.io/_posts/工具与资源 updated
2016-12-22 17:32:02: C:/Users/thesu/Documents/GitHub/the3un.github.io/_posts/影音时光 updated
2016-12-22 17:32:02: C:/Users/thesu/Documents/GitHub/the3un.github.io/_posts/自审 updated
2016-12-22 17:32:02: C:/Users/thesu/Documents/GitHub/the3un.github.io/_posts/遇见思考 updated
2016-12-22 17:32:02: C:/Users/thesu/Documents/GitHub/the3un.github.io/_posts/阅读 updated
2016-12-22 17:32:02: C:/Users/thesu/Documents/GitHub/the3un.github.io/_posts/工具与资源/2016-02-21-R061-Childhood-Music.md updated
2016-12-22 17:32:02: C:/Users/thesu/Documents/GitHub/the3un.github.io/_posts/工具与资源/2016-04-10-R092-English-Learning.md updated
2016-12-22 17:32:02: C:/Users/thesu/Documents/GitHub/the3un.github.io/_posts/影音时光/2016-02-19-M051-Matters-To-Me.md updated
2016-12-22 17:32:02: C:/Users/thesu/Documents/GitHub/the3un.github.io/_posts/影音时光/2016-04-25-M112-Crossing.md updated
2016-12-22 17:32:02: C:/Users/thesu/Documents/GitHub/the3un.github.io/_posts/影音时光/2016-05-11-M123-Captain-America 3.md updated
2016-12-22 17:32:02: C:/Users/thesu/Documents/GitHub/the3un.github.io/_posts/影音时光/2016-05-18-M134-Flying-Colors.md updated
2016-12-22 17:32:02: C:/Users/thesu/Documents/GitHub/the3un.github.io/_posts/影音时光/2016-06-14-M165-Doraemon.md updated
2016-12-22 17:32:02: C:/Users/thesu/Documents/GitHub/the3un.github.io/_posts/影音时光/2016-06-17-M176-Zootopia.md updated
2016-12-22 17:32:02: C:/Users/thesu/Documents/GitHub/the3un.github.io/_posts/影音时光/2016-06-19-M197-Finding-Nemo-and-Dory.md updated
2016-12-22 17:32:02: C:/Users/thesu/Documents/GitHub/the3un.github.io/_posts/影音时光/2016-06-25-M218-Movie-Choices-1.md updated
2016-12-22 17:32:02: C:/Users/thesu/Documents/GitHub/the3un.github.io/_posts/影音时光/2016-07-24-M239-Dialogue-With-Connie-Friends.md updated
2016-12-22 17:32:02: C:/Users/thesu/Documents/GitHub/the3un.github.io/_posts/影音时光/2016-09-25-M3010-Digimon-1.md updated
2016-12-22 17:32:02: C:/Users/thesu/Documents/GitHub/the3un.github.io/_posts/影音时光/2016-09-25-M3111-Digimon-2.md updated
2016-12-22 17:32:02: C:/Users/thesu/Documents/GitHub/the3un.github.io/_posts/影音时光/2016-10-09-M3212-Mekong.md updated
2016-12-22 17:32:03: C:/Users/thesu/Documents/GitHub/the3un.github.io/_posts/影音时光/2016-10-16-M3513-Digimon-3 .md updated
2016-12-22 17:32:03: C:/Users/thesu/Documents/GitHub/the3un.github.io/_posts/影音时光/2016-11-19-M3914-Ultraman-1.md updated
2016-12-22 17:32:03: C:/Users/thesu/Documents/GitHub/the3un.github.io/_posts/影音时光/2016-12-14-M4115-Her.md updated
2016-12-22 17:32:03: C:/Users/thesu/Documents/GitHub/the3un.github.io/_posts/影音时光/2016-12-14-M4216-Hacksaw Ridge.md updated
2016-12-22 17:32:03: C:/Users/thesu/Documents/GitHub/the3un.github.io/_posts/影音时光/2016-12-19-M4317-Movie-List-Of-2016.md updated
2016-12-22 17:32:03: C:/Users/thesu/Documents/GitHub/the3un.github.io/_posts/自审/2015-12-05-S011-Seed.md updated
2016-12-22 17:32:03: C:/Users/thesu/Documents/GitHub/the3un.github.io/_posts/自审/2016-03-30-S072-Digital-Products.md updated
2016-12-22 17:32:03: C:/Users/thesu/Documents/GitHub/the3un.github.io/_posts/自审/2016-05-25-S143-Family-Memory.md updated
2016-12-22 17:32:03: C:/Users/thesu/Documents/GitHub/the3un.github.io/_posts/自审/2016-07-28-S244-Blog-Set-Up-For-Half-A-Year.md updated
2016-12-22 17:32:03: C:/Users/thesu/Documents/GitHub/the3un.github.io/_posts/自审/2016-07-29-S255-Proust-Questionnaire-1.md updated
2016-12-22 17:32:03: C:/Users/thesu/Documents/GitHub/the3un.github.io/_posts/自审/2016-08-24-S276-Career-Planning.md updated
2016-12-22 17:32:03: C:/Users/thesu/Documents/GitHub/the3un.github.io/_posts/遇见思考/2015-12-07-ER021-Serena Williams.md updated
2016-12-22 17:32:03: C:/Users/thesu/Documents/GitHub/the3un.github.io/_posts/遇见思考/2015-12-12-ER032-Golf-1.md updated
2016-12-22 17:32:03: C:/Users/thesu/Documents/GitHub/the3un.github.io/_posts/遇见思考/2015-12-16-ER043-Military-Training.md updated
2016-12-22 17:32:03: C:/Users/thesu/Documents/GitHub/the3un.github.io/_posts/遇见思考/2016-03-31-ER084-Entrepreneurship.md updated
2016-12-22 17:32:03: C:/Users/thesu/Documents/GitHub/the3un.github.io/_posts/遇见思考/2016-04-14-ER105-Sports-Meeting.md updated
2016-12-22 17:32:03: C:/Users/thesu/Documents/GitHub/the3un.github.io/_posts/遇见思考/2016-06-19-ER186-Film.md updated
2016-12-22 17:32:03: C:/Users/thesu/Documents/GitHub/the3un.github.io/_posts/遇见思考/2016-09-11-ER287-Complaints at Hotel.md updated
2016-12-22 17:32:03: C:/Users/thesu/Documents/GitHub/the3un.github.io/_posts/遇见思考/2016-09-17-ER298-Some-Thoughts-About- Beverage -Stores.md updated
2016-12-22 17:32:03: C:/Users/thesu/Documents/GitHub/the3un.github.io/_posts/遇见思考/2016-10-11-ER3610-Golf-2.md updated
2016-12-22 17:32:03: C:/Users/thesu/Documents/GitHub/the3un.github.io/_posts/遇见思考/2016-10-13-ER339-Tennis-Rules.md updated
2016-12-22 17:32:03: C:/Users/thesu/Documents/GitHub/the3un.github.io/_posts/遇见思考/2016-10-22-ER3711-Golf-3.md updated
2016-12-22 17:32:03: C:/Users/thesu/Documents/GitHub/the3un.github.io/_posts/遇见思考/2016-10-23-ER3812-Career-2.md updated
2016-12-22 17:32:03: C:/Users/thesu/Documents/GitHub/the3un.github.io/_posts/阅读/2016-05-28-B151-Three-Books-Three-Years.md updated
2016-12-22 17:32:03: C:/Users/thesu/Documents/GitHub/the3un.github.io/_posts/阅读/2016-06-20-B202-2016-Summer-Holidays-Book-List.md updated
2016-12-22 17:32:03: C:/Users/thesu/Documents/GitHub/the3un.github.io/_posts/阅读/2016-07-10-B223-Lifetime-Mission.md updated
2016-12-22 17:32:03: C:/Users/thesu/Documents/GitHub/the3un.github.io/_posts/阅读/2016-08-06-B264-Mask.md updated
2016-12-22 17:32:03: C:/Users/thesu/Documents/GitHub/the3un.github.io/_posts/阅读/2016-10-15-B345-Outliers.md updated
2016-12-22 17:32:03: C:/Users/thesu/Documents/GitHub/the3un.github.io/_posts/阅读/2016-11-22-M4015-Ultraman-2.md updated
2016-12-22 17:32:03: C:/Users/thesu/Documents/GitHub/the3un.github.io/_posts/阅读/2016-12-22.md updated
2016-12-22 17:32:03: sync-hook hook failed, save details to error.log
2016-12-22 17:32:03:  sync ended
2016-12-22 17:32:05:  start to sync now
2016-12-22 17:32:05:  sync ended
2016-12-22 17:32:41:  start to sync now
2016-12-22 17:32:41: C:/Users/thesu/Documents/GitHub/the3un.github.io/_posts/sync_hook.script updated
2016-12-22 17:32:41: C:/Users/thesu/Documents/GitHub/the3un.github.io/_posts/阅读/2016-12-22.md updated
2016-12-22 17:32:41: sync-hook hook failed, save details to error.log
2016-12-22 17:32:41:  sync ended
2016-12-22 17:32:42:  start to sync now
2016-12-22 17:32:42:  sync ended
2016-12-22 17:42:46:  start to sync now
2016-12-22 17:42:46: C:/Users/thesu/Documents/GitHub/the3un.github.io/_posts/阅读/2016-12-22-1.md updated
2016-12-22 17:42:46: C:/Users/thesu/Documents/GitHub/the3un.github.io/_posts/阅读/新建文件夹 updated
2016-12-22 17:42:46: C:/Users/thesu/Documents/GitHub/the3un.github.io/_posts/阅读/2016-12-22.md deleted
2016-12-22 17:42:46: sync-hook hook failed, save details to error.log
2016-12-22 17:42:46:  sync ended
2016-12-22 17:42:48:  start to sync now
2016-12-22 17:42:48:  sync ended
2016-12-22 17:48:31:  start to sync now
2016-12-22 17:48:32: C:/Users/thesu/Documents/GitHub/the3un.github.io/_posts/sync_hook.script updated
2016-12-22 17:48:32: C:/Users/thesu/Documents/GitHub/the3un.github.io/_posts/遇见思考/2016-06-29--我对孩子的态度.md updated
2016-12-22 17:48:32: C:/Users/thesu/Documents/GitHub/the3un.github.io/_posts/阅读/2016-12-22.md updated
2016-12-22 17:48:32: sync-hook hook failed, save details to error.log
2016-12-22 17:48:32:  sync ended
2016-12-22 17:48:33:  start to sync now
2016-12-22 17:48:33:  sync ended
2016-12-22 17:48:53:  start to sync now
2016-12-22 17:48:53: C:/Users/thesu/Documents/GitHub/the3un.github.io/_posts/sync_hook.script updated
2016-12-22 17:48:53: sync-hook hook failed, save details to error.log
2016-12-22 17:48:53:  sync ended
2016-12-22 17:48:55:  start to sync now
2016-12-22 17:48:56:  sync ended
2016-12-22 17:49:22:  start to sync now
2016-12-22 17:49:22: C:/Users/thesu/Documents/GitHub/the3un.github.io/_posts/sync_hook.script updated
2016-12-22 17:49:23: C:/Users/thesu/Documents/GitHub/the3un.github.io/_posts/阅读/2016-12-22.md updated
2016-12-22 17:49:23: sync-hook hook failed, save details to error.log
2016-12-22 17:49:23:  sync ended
2016-12-22 17:49:24:  start to sync now
2016-12-22 17:49:24:  sync ended
2016-12-22 17:50:29:  start to sync now
2016-12-22 17:50:29:  sync ended
2016-12-22 17:50:32:  start to sync now
2016-12-22 17:50:32:  sync ended
2016-12-22 17:51:16:  start to sync now
2016-12-22 17:51:17: C:/Users/thesu/Documents/GitHub/the3un.github.io/_posts/sync_hook.script updated
2016-12-22 17:51:17: sync-hook hook failed, save details to error.log
2016-12-22 17:51:17:  sync ended
2016-12-22 17:51:21:  start to sync now
2016-12-22 17:51:21:  sync ended
2016-12-22 18:12:55:  start to sync now
2016-12-22 18:12:55: C:/Users/thesu/Documents/GitHub/the3un.github.io/_posts/sync_hook.script updated
2016-12-22 18:12:55: sync-hook hook failed, save details to error.log
2016-12-22 18:12:55:  sync ended
2016-12-22 18:12:57:  start to sync now
2016-12-22 18:12:57:  sync ended
2016-12-22 18:18:24:  start to sync now
2016-12-22 18:18:24: C:/Users/thesu/Documents/GitHub/the3un.github.io/_posts/阅读/2016-12-22-1.md updated
2016-12-22 18:18:24: C:/Users/thesu/Documents/GitHub/the3un.github.io/_posts/阅读/2016-12-22.md deleted
2016-12-22 18:18:24: C:/Users/thesu/Documents/GitHub/the3un.github.io/_posts/阅读/新建文件夹 deleted
2016-12-22 18:18:24: sync-hook hook failed, save details to error.log
2016-12-22 18:18:24:  sync ended
2016-12-22 18:18:25:  start to sync now
2016-12-22 18:18:26:  sync ended
2016-12-22 18:18:32:  start to sync now
2016-12-22 18:18:32:  sync ended
2016-12-22 18:19:10:  start to sync now
2016-12-22 18:19:10: C:/Users/thesu/Documents/GitHub/the3un.github.io/_posts/sync_hook.script updated
2016-12-22 18:19:10: sync-hook hook failed, save details to error.log
2016-12-22 18:19:10:  sync ended
2016-12-22 18:19:12:  start to sync now
2016-12-22 18:19:12:  sync ended
2016-12-22 19:52:15:  start to sync now
2016-12-22 19:52:15: C:/Users/thesu/Documents/GitHub/the3un.github.io/_posts/sync_hook.script updated
2016-12-22 19:52:15: C:/Users/thesu/Documents/GitHub/the3un.github.io/_posts/遇见思考/2016-06-29--我对孩子的态度.md deleted
2016-12-22 19:52:15: C:/Users/thesu/Documents/GitHub/the3un.github.io/_posts/阅读/2016-12-22-1.md deleted
2016-12-22 19:52:15: sync-hook hook failed, save details to error.log
2016-12-22 19:52:15:  sync ended
2016-12-22 19:52:17:  start to sync now
2016-12-22 19:52:17:  sync ended
2016-12-22 19:52:31:  start to sync now
2016-12-22 19:52:32:  sync ended
2016-12-22 19:53:29:  start to sync now
2016-12-22 19:53:29:  sync ended
2016-12-22 19:53:30:  start to sync now
2016-12-22 19:53:31:  sync ended
